<?xml version="1.0" encoding="UTF-8"?>
<!-- Generated by org.testng.reporters.JUnitReportReporter -->
<testsuite hostname="DESKTOP-7PKFCKU" failures="0" tests="2" name="com.intebanking.testCases.TC_LoginTest_001" time="22.872" errors="0" timestamp="04 Jul 2021 17:08:05 GMT" skipped="0">
  <testcase classname="com.intebanking.testCases.TC_LoginTest_001" name="loginTest" time="11.778"/>
  <testcase classname="com.intebanking.testCases.TC_LoginTest_001" name="loginTest" time="11.094"/>
</testsuite> <!-- com.intebanking.testCases.TC_LoginTest_001 -->
